mode: set
github.com/nanmenkaimak/bookings/internal/handlers/handlers.go:21.47,25.2 1 1
github.com/nanmenkaimak/bookings/internal/handlers/handlers.go:27.33,29.2 1 1
github.com/nanmenkaimak/bookings/internal/handlers/handlers.go:31.67,36.2 3 1
github.com/nanmenkaimak/bookings/internal/handlers/handlers.go:38.68,48.2 5 1
github.com/nanmenkaimak/bookings/internal/handlers/handlers.go:51.74,60.2 4 1
github.com/nanmenkaimak/bookings/internal/handlers/handlers.go:63.78,65.16 2 1
github.com/nanmenkaimak/bookings/internal/handlers/handlers.go:70.2,83.18 6 1
github.com/nanmenkaimak/bookings/internal/handlers/handlers.go:94.2,96.65 2 1
github.com/nanmenkaimak/bookings/internal/handlers/handlers.go:65.16,68.3 2 0
github.com/nanmenkaimak/bookings/internal/handlers/handlers.go:83.18,92.3 4 0
github.com/nanmenkaimak/bookings/internal/handlers/handlers.go:100.71,102.2 1 1
github.com/nanmenkaimak/bookings/internal/handlers/handlers.go:105.69,107.2 1 1
github.com/nanmenkaimak/bookings/internal/handlers/handlers.go:110.75,112.2 1 1
github.com/nanmenkaimak/bookings/internal/handlers/handlers.go:114.79,118.2 3 1
github.com/nanmenkaimak/bookings/internal/handlers/handlers.go:126.79,133.16 3 1
github.com/nanmenkaimak/bookings/internal/handlers/handlers.go:137.2,138.14 2 1
github.com/nanmenkaimak/bookings/internal/handlers/handlers.go:133.16,135.3 1 0
github.com/nanmenkaimak/bookings/internal/handlers/handlers.go:141.70,143.2 1 1
github.com/nanmenkaimak/bookings/internal/handlers/handlers.go:145.80,148.8 2 1
github.com/nanmenkaimak/bookings/internal/handlers/handlers.go:155.2,162.4 4 0
github.com/nanmenkaimak/bookings/internal/handlers/handlers.go:148.8,153.3 4 1
