mode: set
github.com/nanmenkaimak/bookings/internal/handlers/handlers.go:26.62,31.2 1 1
github.com/nanmenkaimak/bookings/internal/handlers/handlers.go:33.51,38.2 1 1
github.com/nanmenkaimak/bookings/internal/handlers/handlers.go:40.33,42.2 1 1
github.com/nanmenkaimak/bookings/internal/handlers/handlers.go:44.67,46.2 1 1
github.com/nanmenkaimak/bookings/internal/handlers/handlers.go:48.68,50.2 1 1
github.com/nanmenkaimak/bookings/internal/handlers/handlers.go:53.74,55.9 2 1
github.com/nanmenkaimak/bookings/internal/handlers/handlers.go:61.2,62.16 2 1
github.com/nanmenkaimak/bookings/internal/handlers/handlers.go:68.2,86.4 10 1
github.com/nanmenkaimak/bookings/internal/handlers/handlers.go:55.9,59.3 3 1
github.com/nanmenkaimak/bookings/internal/handlers/handlers.go:62.16,66.3 3 1
github.com/nanmenkaimak/bookings/internal/handlers/handlers.go:90.78,92.16 2 1
github.com/nanmenkaimak/bookings/internal/handlers/handlers.go:98.2,106.16 5 1
github.com/nanmenkaimak/bookings/internal/handlers/handlers.go:112.2,113.16 2 1
github.com/nanmenkaimak/bookings/internal/handlers/handlers.go:119.2,120.16 2 1
github.com/nanmenkaimak/bookings/internal/handlers/handlers.go:126.2,142.19 6 1
github.com/nanmenkaimak/bookings/internal/handlers/handlers.go:153.2,154.16 2 1
github.com/nanmenkaimak/bookings/internal/handlers/handlers.go:160.2,169.16 3 1
github.com/nanmenkaimak/bookings/internal/handlers/handlers.go:175.2,177.66 2 1
github.com/nanmenkaimak/bookings/internal/handlers/handlers.go:92.16,96.3 3 1
github.com/nanmenkaimak/bookings/internal/handlers/handlers.go:106.16,110.3 3 1
github.com/nanmenkaimak/bookings/internal/handlers/handlers.go:113.16,117.3 3 1
github.com/nanmenkaimak/bookings/internal/handlers/handlers.go:120.16,124.3 3 1
github.com/nanmenkaimak/bookings/internal/handlers/handlers.go:142.19,151.3 5 1
github.com/nanmenkaimak/bookings/internal/handlers/handlers.go:154.16,158.3 3 1
github.com/nanmenkaimak/bookings/internal/handlers/handlers.go:169.16,173.3 3 1
github.com/nanmenkaimak/bookings/internal/handlers/handlers.go:181.71,183.2 1 1
github.com/nanmenkaimak/bookings/internal/handlers/handlers.go:186.69,188.2 1 1
github.com/nanmenkaimak/bookings/internal/handlers/handlers.go:191.75,193.2 1 1
github.com/nanmenkaimak/bookings/internal/handlers/handlers.go:196.79,198.16 2 1
github.com/nanmenkaimak/bookings/internal/handlers/handlers.go:204.2,209.16 5 1
github.com/nanmenkaimak/bookings/internal/handlers/handlers.go:214.2,215.16 2 1
github.com/nanmenkaimak/bookings/internal/handlers/handlers.go:221.2,222.16 2 1
github.com/nanmenkaimak/bookings/internal/handlers/handlers.go:228.2,228.21 1 1
github.com/nanmenkaimak/bookings/internal/handlers/handlers.go:235.2,247.4 5 1
github.com/nanmenkaimak/bookings/internal/handlers/handlers.go:198.16,202.3 3 1
github.com/nanmenkaimak/bookings/internal/handlers/handlers.go:209.16,213.3 3 1
github.com/nanmenkaimak/bookings/internal/handlers/handlers.go:215.16,219.3 3 1
github.com/nanmenkaimak/bookings/internal/handlers/handlers.go:222.16,226.3 3 1
github.com/nanmenkaimak/bookings/internal/handlers/handlers.go:228.21,233.3 3 1
github.com/nanmenkaimak/bookings/internal/handlers/handlers.go:259.79,262.16 2 1
github.com/nanmenkaimak/bookings/internal/handlers/handlers.go:275.2,285.16 8 1
github.com/nanmenkaimak/bookings/internal/handlers/handlers.go:297.2,310.14 4 1
github.com/nanmenkaimak/bookings/internal/handlers/handlers.go:262.16,273.3 5 1
github.com/nanmenkaimak/bookings/internal/handlers/handlers.go:285.16,296.3 5 1
github.com/nanmenkaimak/bookings/internal/handlers/handlers.go:314.70,316.2 1 1
github.com/nanmenkaimak/bookings/internal/handlers/handlers.go:319.81,322.9 2 1
github.com/nanmenkaimak/bookings/internal/handlers/handlers.go:328.2,342.4 9 1
github.com/nanmenkaimak/bookings/internal/handlers/handlers.go:322.9,326.3 3 1
github.com/nanmenkaimak/bookings/internal/handlers/handlers.go:346.73,349.16 3 1
github.com/nanmenkaimak/bookings/internal/handlers/handlers.go:355.2,356.9 2 1
github.com/nanmenkaimak/bookings/internal/handlers/handlers.go:362.2,366.63 3 1
github.com/nanmenkaimak/bookings/internal/handlers/handlers.go:349.16,353.3 3 1
github.com/nanmenkaimak/bookings/internal/handlers/handlers.go:356.9,360.3 3 1
github.com/nanmenkaimak/bookings/internal/handlers/handlers.go:370.71,382.16 9 1
github.com/nanmenkaimak/bookings/internal/handlers/handlers.go:388.2,395.63 6 1
github.com/nanmenkaimak/bookings/internal/handlers/handlers.go:382.16,386.3 3 1
