mode: set
github.com/nanmenkaimak/bookings/internal/handlers/handlers.go:30.62,35.2 1 1
github.com/nanmenkaimak/bookings/internal/handlers/handlers.go:37.51,42.2 1 1
github.com/nanmenkaimak/bookings/internal/handlers/handlers.go:44.33,46.2 1 1
github.com/nanmenkaimak/bookings/internal/handlers/handlers.go:48.67,50.2 1 1
github.com/nanmenkaimak/bookings/internal/handlers/handlers.go:52.68,54.2 1 1
github.com/nanmenkaimak/bookings/internal/handlers/handlers.go:57.74,59.9 2 1
github.com/nanmenkaimak/bookings/internal/handlers/handlers.go:65.2,66.16 2 1
github.com/nanmenkaimak/bookings/internal/handlers/handlers.go:72.2,90.4 10 1
github.com/nanmenkaimak/bookings/internal/handlers/handlers.go:59.9,63.3 3 1
github.com/nanmenkaimak/bookings/internal/handlers/handlers.go:66.16,70.3 3 1
github.com/nanmenkaimak/bookings/internal/handlers/handlers.go:94.78,96.16 2 1
github.com/nanmenkaimak/bookings/internal/handlers/handlers.go:102.2,110.16 5 1
github.com/nanmenkaimak/bookings/internal/handlers/handlers.go:116.2,117.16 2 1
github.com/nanmenkaimak/bookings/internal/handlers/handlers.go:123.2,124.16 2 1
github.com/nanmenkaimak/bookings/internal/handlers/handlers.go:130.2,146.19 6 1
github.com/nanmenkaimak/bookings/internal/handlers/handlers.go:156.2,157.16 2 1
github.com/nanmenkaimak/bookings/internal/handlers/handlers.go:163.2,172.16 3 1
github.com/nanmenkaimak/bookings/internal/handlers/handlers.go:179.2,211.66 8 1
github.com/nanmenkaimak/bookings/internal/handlers/handlers.go:96.16,100.3 3 1
github.com/nanmenkaimak/bookings/internal/handlers/handlers.go:110.16,114.3 3 1
github.com/nanmenkaimak/bookings/internal/handlers/handlers.go:117.16,121.3 3 1
github.com/nanmenkaimak/bookings/internal/handlers/handlers.go:124.16,128.3 3 1
github.com/nanmenkaimak/bookings/internal/handlers/handlers.go:146.19,154.3 4 1
github.com/nanmenkaimak/bookings/internal/handlers/handlers.go:157.16,161.3 3 1
github.com/nanmenkaimak/bookings/internal/handlers/handlers.go:172.16,176.3 3 1
github.com/nanmenkaimak/bookings/internal/handlers/handlers.go:215.71,217.2 1 1
github.com/nanmenkaimak/bookings/internal/handlers/handlers.go:220.69,222.2 1 1
github.com/nanmenkaimak/bookings/internal/handlers/handlers.go:225.75,227.2 1 1
github.com/nanmenkaimak/bookings/internal/handlers/handlers.go:230.79,232.16 2 1
github.com/nanmenkaimak/bookings/internal/handlers/handlers.go:238.2,243.16 5 1
github.com/nanmenkaimak/bookings/internal/handlers/handlers.go:248.2,249.16 2 1
github.com/nanmenkaimak/bookings/internal/handlers/handlers.go:255.2,256.16 2 1
github.com/nanmenkaimak/bookings/internal/handlers/handlers.go:262.2,262.21 1 1
github.com/nanmenkaimak/bookings/internal/handlers/handlers.go:269.2,281.4 5 1
github.com/nanmenkaimak/bookings/internal/handlers/handlers.go:232.16,236.3 3 0
github.com/nanmenkaimak/bookings/internal/handlers/handlers.go:243.16,247.3 3 1
github.com/nanmenkaimak/bookings/internal/handlers/handlers.go:249.16,253.3 3 1
github.com/nanmenkaimak/bookings/internal/handlers/handlers.go:256.16,260.3 3 1
github.com/nanmenkaimak/bookings/internal/handlers/handlers.go:262.21,267.3 3 1
github.com/nanmenkaimak/bookings/internal/handlers/handlers.go:293.79,296.16 2 1
github.com/nanmenkaimak/bookings/internal/handlers/handlers.go:309.2,319.16 8 1
github.com/nanmenkaimak/bookings/internal/handlers/handlers.go:331.2,344.14 4 1
github.com/nanmenkaimak/bookings/internal/handlers/handlers.go:296.16,307.3 5 1
github.com/nanmenkaimak/bookings/internal/handlers/handlers.go:319.16,330.3 5 1
github.com/nanmenkaimak/bookings/internal/handlers/handlers.go:348.70,350.2 1 1
github.com/nanmenkaimak/bookings/internal/handlers/handlers.go:353.81,356.9 2 1
github.com/nanmenkaimak/bookings/internal/handlers/handlers.go:362.2,376.4 9 1
github.com/nanmenkaimak/bookings/internal/handlers/handlers.go:356.9,360.3 3 1
github.com/nanmenkaimak/bookings/internal/handlers/handlers.go:380.73,383.16 3 1
github.com/nanmenkaimak/bookings/internal/handlers/handlers.go:389.2,390.9 2 1
github.com/nanmenkaimak/bookings/internal/handlers/handlers.go:396.2,400.63 3 1
github.com/nanmenkaimak/bookings/internal/handlers/handlers.go:383.16,387.3 3 1
github.com/nanmenkaimak/bookings/internal/handlers/handlers.go:390.9,394.3 3 1
github.com/nanmenkaimak/bookings/internal/handlers/handlers.go:404.71,416.16 9 1
github.com/nanmenkaimak/bookings/internal/handlers/handlers.go:422.2,429.63 6 1
github.com/nanmenkaimak/bookings/internal/handlers/handlers.go:416.16,420.3 3 1
github.com/nanmenkaimak/bookings/internal/handlers/handlers.go:434.72,438.2 1 1
github.com/nanmenkaimak/bookings/internal/handlers/handlers.go:441.76,445.16 3 1
github.com/nanmenkaimak/bookings/internal/handlers/handlers.go:449.2,456.19 6 1
github.com/nanmenkaimak/bookings/internal/handlers/handlers.go:463.2,464.16 2 1
github.com/nanmenkaimak/bookings/internal/handlers/handlers.go:470.2,472.47 3 1
github.com/nanmenkaimak/bookings/internal/handlers/handlers.go:445.16,447.3 1 0
github.com/nanmenkaimak/bookings/internal/handlers/handlers.go:456.19,461.3 2 1
github.com/nanmenkaimak/bookings/internal/handlers/handlers.go:464.16,468.3 3 1
github.com/nanmenkaimak/bookings/internal/handlers/handlers.go:477.69,482.2 3 1
github.com/nanmenkaimak/bookings/internal/handlers/handlers.go:484.77,486.2 1 1
github.com/nanmenkaimak/bookings/internal/handlers/handlers.go:489.83,491.16 2 1
github.com/nanmenkaimak/bookings/internal/handlers/handlers.go:496.2,501.4 3 1
github.com/nanmenkaimak/bookings/internal/handlers/handlers.go:491.16,494.3 2 0
github.com/nanmenkaimak/bookings/internal/handlers/handlers.go:505.83,507.16 2 1
github.com/nanmenkaimak/bookings/internal/handlers/handlers.go:512.2,517.4 3 1
github.com/nanmenkaimak/bookings/internal/handlers/handlers.go:507.16,510.3 2 0
github.com/nanmenkaimak/bookings/internal/handlers/handlers.go:521.83,524.16 3 1
github.com/nanmenkaimak/bookings/internal/handlers/handlers.go:529.2,542.16 9 1
github.com/nanmenkaimak/bookings/internal/handlers/handlers.go:547.2,554.4 3 1
github.com/nanmenkaimak/bookings/internal/handlers/handlers.go:524.16,527.3 2 0
github.com/nanmenkaimak/bookings/internal/handlers/handlers.go:542.16,545.3 2 0
github.com/nanmenkaimak/bookings/internal/handlers/handlers.go:557.87,559.16 2 1
github.com/nanmenkaimak/bookings/internal/handlers/handlers.go:564.2,566.16 3 1
github.com/nanmenkaimak/bookings/internal/handlers/handlers.go:571.2,577.16 5 1
github.com/nanmenkaimak/bookings/internal/handlers/handlers.go:582.2,588.16 6 1
github.com/nanmenkaimak/bookings/internal/handlers/handlers.go:593.2,598.16 4 1
github.com/nanmenkaimak/bookings/internal/handlers/handlers.go:559.16,562.3 2 0
github.com/nanmenkaimak/bookings/internal/handlers/handlers.go:566.16,569.3 2 0
github.com/nanmenkaimak/bookings/internal/handlers/handlers.go:577.16,580.3 2 0
github.com/nanmenkaimak/bookings/internal/handlers/handlers.go:588.16,591.3 2 0
github.com/nanmenkaimak/bookings/internal/handlers/handlers.go:598.16,600.3 1 1
github.com/nanmenkaimak/bookings/internal/handlers/handlers.go:600.8,602.3 1 1
github.com/nanmenkaimak/bookings/internal/handlers/handlers.go:606.86,610.16 4 1
github.com/nanmenkaimak/bookings/internal/handlers/handlers.go:614.2,619.16 4 1
github.com/nanmenkaimak/bookings/internal/handlers/handlers.go:610.16,612.3 1 0
github.com/nanmenkaimak/bookings/internal/handlers/handlers.go:619.16,621.3 1 1
github.com/nanmenkaimak/bookings/internal/handlers/handlers.go:621.8,623.3 1 1
github.com/nanmenkaimak/bookings/internal/handlers/handlers.go:627.85,637.16 7 1
github.com/nanmenkaimak/bookings/internal/handlers/handlers.go:637.16,639.3 1 1
github.com/nanmenkaimak/bookings/internal/handlers/handlers.go:639.8,641.3 1 1
github.com/nanmenkaimak/bookings/internal/handlers/handlers.go:645.88,649.34 2 1
github.com/nanmenkaimak/bookings/internal/handlers/handlers.go:655.2,685.16 23 1
github.com/nanmenkaimak/bookings/internal/handlers/handlers.go:690.2,692.26 2 1
github.com/nanmenkaimak/bookings/internal/handlers/handlers.go:727.2,731.4 1 1
github.com/nanmenkaimak/bookings/internal/handlers/handlers.go:649.34,653.3 3 1
github.com/nanmenkaimak/bookings/internal/handlers/handlers.go:685.16,688.3 2 0
github.com/nanmenkaimak/bookings/internal/handlers/handlers.go:692.26,697.80 3 1
github.com/nanmenkaimak/bookings/internal/handlers/handlers.go:703.3,704.17 2 1
github.com/nanmenkaimak/bookings/internal/handlers/handlers.go:709.3,709.34 1 1
github.com/nanmenkaimak/bookings/internal/handlers/handlers.go:721.3,724.78 3 1
github.com/nanmenkaimak/bookings/internal/handlers/handlers.go:697.80,700.4 2 1
github.com/nanmenkaimak/bookings/internal/handlers/handlers.go:704.17,707.4 2 0
github.com/nanmenkaimak/bookings/internal/handlers/handlers.go:709.34,710.27 1 1
github.com/nanmenkaimak/bookings/internal/handlers/handlers.go:710.27,712.79 1 1
github.com/nanmenkaimak/bookings/internal/handlers/handlers.go:712.79,714.6 1 1
github.com/nanmenkaimak/bookings/internal/handlers/handlers.go:715.10,718.5 1 1
github.com/nanmenkaimak/bookings/internal/handlers/handlers.go:735.92,737.16 2 1
github.com/nanmenkaimak/bookings/internal/handlers/handlers.go:742.2,747.16 4 1
github.com/nanmenkaimak/bookings/internal/handlers/handlers.go:752.2,754.26 2 1
github.com/nanmenkaimak/bookings/internal/handlers/handlers.go:778.2,778.34 1 1
github.com/nanmenkaimak/bookings/internal/handlers/handlers.go:791.2,792.110 2 1
github.com/nanmenkaimak/bookings/internal/handlers/handlers.go:737.16,740.3 2 0
github.com/nanmenkaimak/bookings/internal/handlers/handlers.go:747.16,750.3 2 0
github.com/nanmenkaimak/bookings/internal/handlers/handlers.go:754.26,759.35 2 1
github.com/nanmenkaimak/bookings/internal/handlers/handlers.go:759.35,761.35 1 1
github.com/nanmenkaimak/bookings/internal/handlers/handlers.go:761.35,764.16 1 1
github.com/nanmenkaimak/bookings/internal/handlers/handlers.go:764.16,765.66 1 1
github.com/nanmenkaimak/bookings/internal/handlers/handlers.go:765.66,768.21 2 1
github.com/nanmenkaimak/bookings/internal/handlers/handlers.go:768.21,770.8 1 0
github.com/nanmenkaimak/bookings/internal/handlers/handlers.go:778.34,779.43 1 1
github.com/nanmenkaimak/bookings/internal/handlers/handlers.go:779.43,785.18 5 1
github.com/nanmenkaimak/bookings/internal/handlers/handlers.go:785.18,787.5 1 0
